1: V q o 3 O
2: V q o 6 O
3: B i l o C h j K D 3 O
4: B i l o C j h K D 3 O
5: B i l o j C h K D 3 O
6: B i l j o C h K D 3 O
7: B i j l o C h K D 3 O
8: B i l o 2 j K D 3 O
9: B i l o j 2 K D 3 O
10: B i l j o 2 K D 3 O
11: B i j l o 2 K D 3 O
12: B i l o Q j K D 3 O
13: B i l o j Q K D 3 O
14: B i l j o Q K D 3 O
15: B i j l o Q K D 3 O
16: B i l o R j K D 3 O
17: B i l o j R K D 3 O
18: B i l j o R K D 3 O
19: B i j l o R K D 3 O
20: B i l k C h j K D 3 O
21: B i l k C j h K D 3 O
22: B i l k j C h K D 3 O
23: B i l j k C h K D 3 O
24: B i j l k C h K D 3 O
25: B i l k 2 j K D 3 O
26: B i l k j 2 K D 3 O
27: B i l j k 2 K D 3 O
28: B i j l k 2 K D 3 O
29: B i l k Q j K D 3 O
30: B i l k j Q K D 3 O
31: B i l j k Q K D 3 O
32: B i j l k Q K D 3 O
33: B i l k R j K D 3 O
34: B i l k j R K D 3 O
35: B i l j k R K D 3 O
36: B i j l k R K D 3 O
37: B i l f C h j K D 3 O
38: B i l f C j h K D 3 O
39: B i l f j C h K D 3 O
40: B i l j f C h K D 3 O
41: B i j l f C h K D 3 O
42: B i l f 2 j K D 3 O
43: B i l f j 2 K D 3 O
44: B i l j f 2 K D 3 O
45: B i j l f 2 K D 3 O
46: B i l f Q j K D 3 O
47: B i l f j Q K D 3 O
48: B i l j f Q K D 3 O
49: B i j l f Q K D 3 O
50: B i l f R j K D 3 O
51: B i l f j R K D 3 O
52: B i l j f R K D 3 O
53: B i j l f R K D 3 O
54: B i l Z o C h j K D 3 O
55: B i l Z o C j h K D 3 O
56: B i l Z o j C h K D 3 O
57: B i l Z j o C h K D 3 O
58: B i l j Z o C h K D 3 O
59: B i j l Z o C h K D 3 O
60: B i l Z o 2 j K D 3 O
61: B i l Z o j 2 K D 3 O
62: B i l Z j o 2 K D 3 O
63: B i l j Z o 2 K D 3 O
64: B i j l Z o 2 K D 3 O
65: B i l Z o Q j K D 3 O
66: B i l Z o j Q K D 3 O
67: B i l Z j o Q K D 3 O
68: B i l j Z o Q K D 3 O
69: B i j l Z o Q K D 3 O
70: B i l Z o R j K D 3 O
71: B i l Z o j R K D 3 O
72: B i l Z j o R K D 3 O
73: B i l j Z o R K D 3 O
74: B i j l Z o R K D 3 O
75: B i l Z k C h j K D 3 O
76: B i l Z k C j h K D 3 O
77: B i l Z k j C h K D 3 O
78: B i l Z j k C h K D 3 O
79: B i l j Z k C h K D 3 O
80: B i j l Z k C h K D 3 O
81: B i l Z k 2 j K D 3 O
82: B i l Z k j 2 K D 3 O
83: B i l Z j k 2 K D 3 O
84: B i l j Z k 2 K D 3 O
85: B i j l Z k 2 K D 3 O
86: B i l Z k Q j K D 3 O
87: B i l Z k j Q K D 3 O
88: B i l Z j k Q K D 3 O
89: B i l j Z k Q K D 3 O
90: B i j l Z k Q K D 3 O
91: B i l Z k R j K D 3 O
92: B i l Z k j R K D 3 O
93: B i l Z j k R K D 3 O
94: B i l j Z k R K D 3 O
95: B i j l Z k R K D 3 O
96: B i l Z f C h j K D 3 O
97: B i l Z f C j h K D 3 O
98: B i l Z f j C h K D 3 O
99: B i l Z j f C h K D 3 O
100: B i l j Z f C h K D 3 O
101: B i j l Z f C h K D 3 O
102: B i l Z f 2 j K D 3 O
103: B i l Z f j 2 K D 3 O
104: B i l Z j f 2 K D 3 O
105: B i l j Z f 2 K D 3 O
106: B i j l Z f 2 K D 3 O
107: B i l Z f Q j K D 3 O
108: B i l Z f j Q K D 3 O
109: B i l Z j f Q K D 3 O
110: B i l j Z f Q K D 3 O
111: B i j l Z f Q K D 3 O
112: B i l Z f R j K D 3 O
113: B i l Z f j R K D 3 O
114: B i l Z j f R K D 3 O
115: B i l j Z f R K D 3 O
116: B i j l Z f R K D 3 O
117: B i Z o C h j K D 3 O
118: B i Z o C j h K D 3 O
119: B i Z o j C h K D 3 O
120: B i Z j o C h K D 3 O
121: B i j Z o C h K D 3 O
122: B i Z o 2 j K D 3 O
123: B i Z o j 2 K D 3 O
124: B i Z j o 2 K D 3 O
125: B i j Z o 2 K D 3 O
126: B i Z o Q j K D 3 O
127: B i Z o j Q K D 3 O
128: B i Z j o Q K D 3 O
129: B i j Z o Q K D 3 O
130: B i Z o R j K D 3 O
131: B i Z o j R K D 3 O
132: B i Z j o R K D 3 O
133: B i j Z o R K D 3 O
134: B i Z k C h j K D 3 O
135: B i Z k C j h K D 3 O
136: B i Z k j C h K D 3 O
137: B i Z j k C h K D 3 O
138: B i j Z k C h K D 3 O
139: B i Z k 2 j K D 3 O
140: B i Z k j 2 K D 3 O
141: B i Z j k 2 K D 3 O
142: B i j Z k 2 K D 3 O
143: B i Z k Q j K D 3 O
144: B i Z k j Q K D 3 O
145: B i Z j k Q K D 3 O
146: B i j Z k Q K D 3 O
147: B i Z k R j K D 3 O
148: B i Z k j R K D 3 O
149: B i Z j k R K D 3 O
150: B i j Z k R K D 3 O
151: B i Z f C h j K D 3 O
152: B i Z f C j h K D 3 O
153: B i Z f j C h K D 3 O
154: B i Z j f C h K D 3 O
155: B i j Z f C h K D 3 O
156: B i Z f 2 j K D 3 O
157: B i Z f j 2 K D 3 O
158: B i Z j f 2 K D 3 O
159: B i j Z f 2 K D 3 O
160: B i Z f Q j K D 3 O
161: B i Z f j Q K D 3 O
162: B i Z j f Q K D 3 O
163: B i j Z f Q K D 3 O
164: B i Z f R j K D 3 O
165: B i Z f j R K D 3 O
166: B i Z j f R K D 3 O
167: B i j Z f R K D 3 O
168: B i R o C h j K D 3 O
169: B i R o C j h K D 3 O
170: B i R o j C h K D 3 O
171: B i R j o C h K D 3 O
172: B i j R o C h K D 3 O
173: B i R o 2 j K D 3 O
174: B i R o j 2 K D 3 O
175: B i R j o 2 K D 3 O
176: B i j R o 2 K D 3 O
177: B i R o Q j K D 3 O
178: B i R o j Q K D 3 O
179: B i R j o Q K D 3 O
180: B i j R o Q K D 3 O
181: B i R o R j K D 3 O
182: B i R o j R K D 3 O
183: B i R j o R K D 3 O
184: B i j R o R K D 3 O
185: B i R k C h j K D 3 O
186: B i R k C j h K D 3 O
187: B i R k j C h K D 3 O
188: B i R j k C h K D 3 O
189: B i j R k C h K D 3 O
190: B i R k 2 j K D 3 O
191: B i R k j 2 K D 3 O
192: B i R j k 2 K D 3 O
193: B i j R k 2 K D 3 O
194: B i R k Q j K D 3 O
195: B i R k j Q K D 3 O
196: B i R j k Q K D 3 O
197: B i j R k Q K D 3 O
198: B i R k R j K D 3 O
199: B i R k j R K D 3 O
200: B i R j k R K D 3 O
201: B i j R k R K D 3 O
202: B i R f C h j K D 3 O
203: B i R f C j h K D 3 O
204: B i R f j C h K D 3 O
205: B i R j f C h K D 3 O
206: B i j R f C h K D 3 O
207: B i R f 2 j K D 3 O
208: B i R f j 2 K D 3 O
209: B i R j f 2 K D 3 O
210: B i j R f 2 K D 3 O
211: B i R f Q j K D 3 O
212: B i R f j Q K D 3 O
213: B i R j f Q K D 3 O
214: B i j R f Q K D 3 O
215: B i R f R j K D 3 O
216: B i R f j R K D 3 O
217: B i R j f R K D 3 O
218: B i j R f R K D 3 O
219: B i l o C h j K D 6 O
220: B i l o C j h K D 6 O
221: B i l o j C h K D 6 O
222: B i l j o C h K D 6 O
223: B i j l o C h K D 6 O
224: B i l o 2 j K D 6 O
225: B i l o j 2 K D 6 O
226: B i l j o 2 K D 6 O
227: B i j l o 2 K D 6 O
228: B i l o Q j K D 6 O
229: B i l o j Q K D 6 O
230: B i l j o Q K D 6 O
231: B i j l o Q K D 6 O
232: B i l o R j K D 6 O
233: B i l o j R K D 6 O
234: B i l j o R K D 6 O
235: B i j l o R K D 6 O
236: B i l k C h j K D 6 O
237: B i l k C j h K D 6 O
238: B i l k j C h K D 6 O
239: B i l j k C h K D 6 O
240: B i j l k C h K D 6 O
241: B i l k 2 j K D 6 O
242: B i l k j 2 K D 6 O
243: B i l j k 2 K D 6 O
244: B i j l k 2 K D 6 O
245: B i l k Q j K D 6 O
246: B i l k j Q K D 6 O
247: B i l j k Q K D 6 O
248: B i j l k Q K D 6 O
249: B i l k R j K D 6 O
250: B i l k j R K D 6 O
251: B i l j k R K D 6 O
252: B i j l k R K D 6 O
253: B i l f C h j K D 6 O
254: B i l f C j h K D 6 O
255: B i l f j C h K D 6 O
256: B i l j f C h K D 6 O
257: B i j l f C h K D 6 O
258: B i l f 2 j K D 6 O
259: B i l f j 2 K D 6 O
260: B i l j f 2 K D 6 O
261: B i j l f 2 K D 6 O
262: B i l f Q j K D 6 O
263: B i l f j Q K D 6 O
264: B i l j f Q K D 6 O
265: B i j l f Q K D 6 O
266: B i l f R j K D 6 O
267: B i l f j R K D 6 O
268: B i l j f R K D 6 O
269: B i j l f R K D 6 O
270: B i l Z o C h j K D 6 O
271: B i l Z o C j h K D 6 O
272: B i l Z o j C h K D 6 O
273: B i l Z j o C h K D 6 O
274: B i l j Z o C h K D 6 O
275: B i j l Z o C h K D 6 O
276: B i l Z o 2 j K D 6 O
277: B i l Z o j 2 K D 6 O
278: B i l Z j o 2 K D 6 O
279: B i l j Z o 2 K D 6 O
280: B i j l Z o 2 K D 6 O
281: B i l Z o Q j K D 6 O
282: B i l Z o j Q K D 6 O
283: B i l Z j o Q K D 6 O
284: B i l j Z o Q K D 6 O
285: B i j l Z o Q K D 6 O
286: B i l Z o R j K D 6 O
287: B i l Z o j R K D 6 O
288: B i l Z j o R K D 6 O
289: B i l j Z o R K D 6 O
290: B i j l Z o R K D 6 O
291: B i l Z k C h j K D 6 O
292: B i l Z k C j h K D 6 O
293: B i l Z k j C h K D 6 O
294: B i l Z j k C h K D 6 O
295: B i l j Z k C h K D 6 O
296: B i j l Z k C h K D 6 O
297: B i l Z k 2 j K D 6 O
298: B i l Z k j 2 K D 6 O
299: B i l Z j k 2 K D 6 O
300: B i l j Z k 2 K D 6 O
301: B i j l Z k 2 K D 6 O
302: B i l Z k Q j K D 6 O
303: B i l Z k j Q K D 6 O
304: B i l Z j k Q K D 6 O
305: B i l j Z k Q K D 6 O
306: B i j l Z k Q K D 6 O
307: B i l Z k R j K D 6 O
308: B i l Z k j R K D 6 O
309: B i l Z j k R K D 6 O
310: B i l j Z k R K D 6 O
311: B i j l Z k R K D 6 O
312: B i l Z f C h j K D 6 O
313: B i l Z f C j h K D 6 O
314: B i l Z f j C h K D 6 O
315: B i l Z j f C h K D 6 O
316: B i l j Z f C h K D 6 O
317: B i j l Z f C h K D 6 O
318: B i l Z f 2 j K D 6 O
319: B i l Z f j 2 K D 6 O
320: B i l Z j f 2 K D 6 O
321: B i l j Z f 2 K D 6 O
322: B i j l Z f 2 K D 6 O
323: B i l Z f Q j K D 6 O
324: B i l Z f j Q K D 6 O
325: B i l Z j f Q K D 6 O
326: B i l j Z f Q K D 6 O
327: B i j l Z f Q K D 6 O
328: B i l Z f R j K D 6 O
329: B i l Z f j R K D 6 O
330: B i l Z j f R K D 6 O
331: B i l j Z f R K D 6 O
332: B i j l Z f R K D 6 O
333: B i Z o C h j K D 6 O
334: B i Z o C j h K D 6 O
335: B i Z o j C h K D 6 O
336: B i Z j o C h K D 6 O
337: B i j Z o C h K D 6 O
338: B i Z o 2 j K D 6 O
339: B i Z o j 2 K D 6 O
340: B i Z j o 2 K D 6 O
341: B i j Z o 2 K D 6 O
342: B i Z o Q j K D 6 O
343: B i Z o j Q K D 6 O
344: B i Z j o Q K D 6 O
345: B i j Z o Q K D 6 O
346: B i Z o R j K D 6 O
347: B i Z o j R K D 6 O
348: B i Z j o R K D 6 O
349: B i j Z o R K D 6 O
350: B i Z k C h j K D 6 O
351: B i Z k C j h K D 6 O
352: B i Z k j C h K D 6 O
353: B i Z j k C h K D 6 O
354: B i j Z k C h K D 6 O
355: B i Z k 2 j K D 6 O
356: B i Z k j 2 K D 6 O
357: B i Z j k 2 K D 6 O
358: B i j Z k 2 K D 6 O
359: B i Z k Q j K D 6 O
360: B i Z k j Q K D 6 O
361: B i Z j k Q K D 6 O
362: B i j Z k Q K D 6 O
363: B i Z k R j K D 6 O
364: B i Z k j R K D 6 O
365: B i Z j k R K D 6 O
366: B i j Z k R K D 6 O
367: B i Z f C h j K D 6 O
368: B i Z f C j h K D 6 O
369: B i Z f j C h K D 6 O
370: B i Z j f C h K D 6 O
371: B i j Z f C h K D 6 O
372: B i Z f 2 j K D 6 O
373: B i Z f j 2 K D 6 O
374: B i Z j f 2 K D 6 O
375: B i j Z f 2 K D 6 O
376: B i Z f Q j K D 6 O
377: B i Z f j Q K D 6 O
378: B i Z j f Q K D 6 O
379: B i j Z f Q K D 6 O
380: B i Z f R j K D 6 O
381: B i Z f j R K D 6 O
382: B i Z j f R K D 6 O
383: B i j Z f R K D 6 O
384: B i R o C h j K D 6 O
385: B i R o C j h K D 6 O
386: B i R o j C h K D 6 O
387: B i R j o C h K D 6 O
388: B i j R o C h K D 6 O
389: B i R o 2 j K D 6 O
390: B i R o j 2 K D 6 O
391: B i R j o 2 K D 6 O
392: B i j R o 2 K D 6 O
393: B i R o Q j K D 6 O
394: B i R o j Q K D 6 O
395: B i R j o Q K D 6 O
396: B i j R o Q K D 6 O
397: B i R o R j K D 6 O
398: B i R o j R K D 6 O
399: B i R j o R K D 6 O
400: B i j R o R K D 6 O
401: B i R k C h j K D 6 O
402: B i R k C j h K D 6 O
403: B i R k j C h K D 6 O
404: B i R j k C h K D 6 O
405: B i j R k C h K D 6 O
406: B i R k 2 j K D 6 O
407: B i R k j 2 K D 6 O
408: B i R j k 2 K D 6 O
409: B i j R k 2 K D 6 O
410: B i R k Q j K D 6 O
411: B i R k j Q K D 6 O
412: B i R j k Q K D 6 O
413: B i j R k Q K D 6 O
414: B i R k R j K D 6 O
415: B i R k j R K D 6 O
416: B i R j k R K D 6 O
417: B i j R k R K D 6 O
418: B i R f C h j K D 6 O
419: B i R f C j h K D 6 O
420: B i R f j C h K D 6 O
421: B i R j f C h K D 6 O
422: B i j R f C h K D 6 O
423: B i R f 2 j K D 6 O
424: B i R f j 2 K D 6 O
425: B i R j f 2 K D 6 O
426: B i j R f 2 K D 6 O
427: B i R f Q j K D 6 O
428: B i R f j Q K D 6 O
429: B i R j f Q K D 6 O
430: B i j R f Q K D 6 O
431: B i R f R j K D 6 O
432: B i R f j R K D 6 O
433: B i R j f R K D 6 O
434: B i j R f R K D 6 O
435: z 3 O
436: z 6 O
