1: y Z V j a L z s z L l r W
2: y Z V j a L z s z L 4 l r W
3: y Z V j a L z s z L l 4 r W
4: y Z V j a L z s z L V r W
5: y Z V j a L z s z L 4 V r W
6: y Z V j a L z s z L V 4 r W
7: y Z V j a L z s z L Q r W
8: y Z V j a L z s z L 4 Q r W
9: y Z V j a L z s z L Q 4 r W
10: y V Z j a L z s z L l r W
11: y V Z j a L z s z L 4 l r W
12: y V Z j a L z s z L l 4 r W
13: y V Z j a L z s z L V r W
14: y V Z j a L z s z L 4 V r W
15: y V Z j a L z s z L V 4 r W
16: y V Z j a L z s z L Q r W
17: y V Z j a L z s z L 4 Q r W
18: y V Z j a L z s z L Q 4 r W
19: y q V j a L z s z L l r W
20: y q V j a L z s z L 4 l r W
21: y q V j a L z s z L l 4 r W
22: y q V j a L z s z L V r W
23: y q V j a L z s z L 4 V r W
24: y q V j a L z s z L V 4 r W
25: y q V j a L z s z L Q r W
26: y q V j a L z s z L 4 Q r W
27: y q V j a L z s z L Q 4 r W
28: y V q j a L z s z L l r W
29: y V q j a L z s z L 4 l r W
30: y V q j a L z s z L l 4 r W
31: y V q j a L z s z L V r W
32: y V q j a L z s z L 4 V r W
33: y V q j a L z s z L V 4 r W
34: y V q j a L z s z L Q r W
35: y V q j a L z s z L 4 Q r W
36: y V q j a L z s z L Q 4 r W
37: y U V j a L z s z L l r W
38: y U V j a L z s z L 4 l r W
39: y U V j a L z s z L l 4 r W
40: y U V j a L z s z L V r W
41: y U V j a L z s z L 4 V r W
42: y U V j a L z s z L V 4 r W
43: y U V j a L z s z L Q r W
44: y U V j a L z s z L 4 Q r W
45: y U V j a L z s z L Q 4 r W
46: y V U j a L z s z L l r W
47: y V U j a L z s z L 4 l r W
48: y V U j a L z s z L l 4 r W
49: y V U j a L z s z L V r W
50: y V U j a L z s z L 4 V r W
51: y V U j a L z s z L V 4 r W
52: y V U j a L z s z L Q r W
53: y V U j a L z s z L 4 Q r W
54: y V U j a L z s z L Q 4 r W
55: y Z V 7 V j a L z s z L l r W
56: y Z V 7 V j a L z s z L 4 l r W
57: y Z V 7 V j a L z s z L l 4 r W
58: y Z V 7 V j a L z s z L V r W
59: y Z V 7 V j a L z s z L 4 V r W
60: y Z V 7 V j a L z s z L V 4 r W
61: y Z V 7 V j a L z s z L Q r W
62: y Z V 7 V j a L z s z L 4 Q r W
63: y Z V 7 V j a L z s z L Q 4 r W
64: y V Z 7 V j a L z s z L l r W
65: y V Z 7 V j a L z s z L 4 l r W
66: y V Z 7 V j a L z s z L l 4 r W
67: y V Z 7 V j a L z s z L V r W
68: y V Z 7 V j a L z s z L 4 V r W
69: y V Z 7 V j a L z s z L V 4 r W
70: y V Z 7 V j a L z s z L Q r W
71: y V Z 7 V j a L z s z L 4 Q r W
72: y V Z 7 V j a L z s z L Q 4 r W
73: y V 7 Z V j a L z s z L l r W
74: y V 7 Z V j a L z s z L 4 l r W
75: y V 7 Z V j a L z s z L l 4 r W
76: y V 7 Z V j a L z s z L V r W
77: y V 7 Z V j a L z s z L 4 V r W
78: y V 7 Z V j a L z s z L V 4 r W
79: y V 7 Z V j a L z s z L Q r W
80: y V 7 Z V j a L z s z L 4 Q r W
81: y V 7 Z V j a L z s z L Q 4 r W
82: y V 7 V Z j a L z s z L l r W
83: y V 7 V Z j a L z s z L 4 l r W
84: y V 7 V Z j a L z s z L l 4 r W
85: y V 7 V Z j a L z s z L V r W
86: y V 7 V Z j a L z s z L 4 V r W
87: y V 7 V Z j a L z s z L V 4 r W
88: y V 7 V Z j a L z s z L Q r W
89: y V 7 V Z j a L z s z L 4 Q r W
90: y V 7 V Z j a L z s z L Q 4 r W
91: y q V 7 V j a L z s z L l r W
92: y q V 7 V j a L z s z L 4 l r W
93: y q V 7 V j a L z s z L l 4 r W
94: y q V 7 V j a L z s z L V r W
95: y q V 7 V j a L z s z L 4 V r W
96: y q V 7 V j a L z s z L V 4 r W
97: y q V 7 V j a L z s z L Q r W
98: y q V 7 V j a L z s z L 4 Q r W
99: y q V 7 V j a L z s z L Q 4 r W
100: y V q 7 V j a L z s z L l r W
101: y V q 7 V j a L z s z L 4 l r W
102: y V q 7 V j a L z s z L l 4 r W
103: y V q 7 V j a L z s z L V r W
104: y V q 7 V j a L z s z L 4 V r W
105: y V q 7 V j a L z s z L V 4 r W
106: y V q 7 V j a L z s z L Q r W
107: y V q 7 V j a L z s z L 4 Q r W
108: y V q 7 V j a L z s z L Q 4 r W
109: y V 7 q V j a L z s z L l r W
110: y V 7 q V j a L z s z L 4 l r W
111: y V 7 q V j a L z s z L l 4 r W
112: y V 7 q V j a L z s z L V r W
113: y V 7 q V j a L z s z L 4 V r W
114: y V 7 q V j a L z s z L V 4 r W
115: y V 7 q V j a L z s z L Q r W
116: y V 7 q V j a L z s z L 4 Q r W
117: y V 7 q V j a L z s z L Q 4 r W
118: y V 7 V q j a L z s z L l r W
119: y V 7 V q j a L z s z L 4 l r W
120: y V 7 V q j a L z s z L l 4 r W
121: y V 7 V q j a L z s z L V r W
122: y V 7 V q j a L z s z L 4 V r W
123: y V 7 V q j a L z s z L V 4 r W
124: y V 7 V q j a L z s z L Q r W
125: y V 7 V q j a L z s z L 4 Q r W
126: y V 7 V q j a L z s z L Q 4 r W
127: y U V 7 V j a L z s z L l r W
128: y U V 7 V j a L z s z L 4 l r W
129: y U V 7 V j a L z s z L l 4 r W
130: y U V 7 V j a L z s z L V r W
131: y U V 7 V j a L z s z L 4 V r W
132: y U V 7 V j a L z s z L V 4 r W
133: y U V 7 V j a L z s z L Q r W
134: y U V 7 V j a L z s z L 4 Q r W
135: y U V 7 V j a L z s z L Q 4 r W
136: y V U 7 V j a L z s z L l r W
137: y V U 7 V j a L z s z L 4 l r W
138: y V U 7 V j a L z s z L l 4 r W
139: y V U 7 V j a L z s z L V r W
140: y V U 7 V j a L z s z L 4 V r W
141: y V U 7 V j a L z s z L V 4 r W
142: y V U 7 V j a L z s z L Q r W
143: y V U 7 V j a L z s z L 4 Q r W
144: y V U 7 V j a L z s z L Q 4 r W
145: y V 7 U V j a L z s z L l r W
146: y V 7 U V j a L z s z L 4 l r W
147: y V 7 U V j a L z s z L l 4 r W
148: y V 7 U V j a L z s z L V r W
149: y V 7 U V j a L z s z L 4 V r W
150: y V 7 U V j a L z s z L V 4 r W
151: y V 7 U V j a L z s z L Q r W
152: y V 7 U V j a L z s z L 4 Q r W
153: y V 7 U V j a L z s z L Q 4 r W
154: y V 7 V U j a L z s z L l r W
155: y V 7 V U j a L z s z L 4 l r W
156: y V 7 V U j a L z s z L l 4 r W
157: y V 7 V U j a L z s z L V r W
158: y V 7 V U j a L z s z L 4 V r W
159: y V 7 V U j a L z s z L V 4 r W
160: y V 7 V U j a L z s z L Q r W
161: y V 7 V U j a L z s z L 4 Q r W
162: y V 7 V U j a L z s z L Q 4 r W
163: y Z V j a L z L l r W
164: y Z V j a L z L 4 l r W
165: y Z V j a L z L l 4 r W
166: y Z V j a L z L V r W
167: y Z V j a L z L 4 V r W
168: y Z V j a L z L V 4 r W
169: y Z V j a L z L Q r W
170: y Z V j a L z L 4 Q r W
171: y Z V j a L z L Q 4 r W
172: y V Z j a L z L l r W
173: y V Z j a L z L 4 l r W
174: y V Z j a L z L l 4 r W
175: y V Z j a L z L V r W
176: y V Z j a L z L 4 V r W
177: y V Z j a L z L V 4 r W
178: y V Z j a L z L Q r W
179: y V Z j a L z L 4 Q r W
180: y V Z j a L z L Q 4 r W
181: y q V j a L z L l r W
182: y q V j a L z L 4 l r W
183: y q V j a L z L l 4 r W
184: y q V j a L z L V r W
185: y q V j a L z L 4 V r W
186: y q V j a L z L V 4 r W
187: y q V j a L z L Q r W
188: y q V j a L z L 4 Q r W
189: y q V j a L z L Q 4 r W
190: y V q j a L z L l r W
191: y V q j a L z L 4 l r W
192: y V q j a L z L l 4 r W
193: y V q j a L z L V r W
194: y V q j a L z L 4 V r W
195: y V q j a L z L V 4 r W
196: y V q j a L z L Q r W
197: y V q j a L z L 4 Q r W
198: y V q j a L z L Q 4 r W
199: y U V j a L z L l r W
200: y U V j a L z L 4 l r W
201: y U V j a L z L l 4 r W
202: y U V j a L z L V r W
203: y U V j a L z L 4 V r W
204: y U V j a L z L V 4 r W
205: y U V j a L z L Q r W
206: y U V j a L z L 4 Q r W
207: y U V j a L z L Q 4 r W
208: y V U j a L z L l r W
209: y V U j a L z L 4 l r W
210: y V U j a L z L l 4 r W
211: y V U j a L z L V r W
212: y V U j a L z L 4 V r W
213: y V U j a L z L V 4 r W
214: y V U j a L z L Q r W
215: y V U j a L z L 4 Q r W
216: y V U j a L z L Q 4 r W
217: y Z V 7 V j a L z L l r W
218: y Z V 7 V j a L z L 4 l r W
219: y Z V 7 V j a L z L l 4 r W
220: y Z V 7 V j a L z L V r W
221: y Z V 7 V j a L z L 4 V r W
222: y Z V 7 V j a L z L V 4 r W
223: y Z V 7 V j a L z L Q r W
224: y Z V 7 V j a L z L 4 Q r W
225: y Z V 7 V j a L z L Q 4 r W
226: y V Z 7 V j a L z L l r W
227: y V Z 7 V j a L z L 4 l r W
228: y V Z 7 V j a L z L l 4 r W
229: y V Z 7 V j a L z L V r W
230: y V Z 7 V j a L z L 4 V r W
231: y V Z 7 V j a L z L V 4 r W
232: y V Z 7 V j a L z L Q r W
233: y V Z 7 V j a L z L 4 Q r W
234: y V Z 7 V j a L z L Q 4 r W
235: y V 7 Z V j a L z L l r W
236: y V 7 Z V j a L z L 4 l r W
237: y V 7 Z V j a L z L l 4 r W
238: y V 7 Z V j a L z L V r W
239: y V 7 Z V j a L z L 4 V r W
240: y V 7 Z V j a L z L V 4 r W
241: y V 7 Z V j a L z L Q r W
242: y V 7 Z V j a L z L 4 Q r W
243: y V 7 Z V j a L z L Q 4 r W
244: y V 7 V Z j a L z L l r W
245: y V 7 V Z j a L z L 4 l r W
246: y V 7 V Z j a L z L l 4 r W
247: y V 7 V Z j a L z L V r W
248: y V 7 V Z j a L z L 4 V r W
249: y V 7 V Z j a L z L V 4 r W
250: y V 7 V Z j a L z L Q r W
251: y V 7 V Z j a L z L 4 Q r W
252: y V 7 V Z j a L z L Q 4 r W
253: y q V 7 V j a L z L l r W
254: y q V 7 V j a L z L 4 l r W
255: y q V 7 V j a L z L l 4 r W
256: y q V 7 V j a L z L V r W
257: y q V 7 V j a L z L 4 V r W
258: y q V 7 V j a L z L V 4 r W
259: y q V 7 V j a L z L Q r W
260: y q V 7 V j a L z L 4 Q r W
261: y q V 7 V j a L z L Q 4 r W
262: y V q 7 V j a L z L l r W
263: y V q 7 V j a L z L 4 l r W
264: y V q 7 V j a L z L l 4 r W
265: y V q 7 V j a L z L V r W
266: y V q 7 V j a L z L 4 V r W
267: y V q 7 V j a L z L V 4 r W
268: y V q 7 V j a L z L Q r W
269: y V q 7 V j a L z L 4 Q r W
270: y V q 7 V j a L z L Q 4 r W
271: y V 7 q V j a L z L l r W
272: y V 7 q V j a L z L 4 l r W
273: y V 7 q V j a L z L l 4 r W
274: y V 7 q V j a L z L V r W
275: y V 7 q V j a L z L 4 V r W
276: y V 7 q V j a L z L V 4 r W
277: y V 7 q V j a L z L Q r W
278: y V 7 q V j a L z L 4 Q r W
279: y V 7 q V j a L z L Q 4 r W
280: y V 7 V q j a L z L l r W
281: y V 7 V q j a L z L 4 l r W
282: y V 7 V q j a L z L l 4 r W
283: y V 7 V q j a L z L V r W
284: y V 7 V q j a L z L 4 V r W
285: y V 7 V q j a L z L V 4 r W
286: y V 7 V q j a L z L Q r W
287: y V 7 V q j a L z L 4 Q r W
288: y V 7 V q j a L z L Q 4 r W
289: y U V 7 V j a L z L l r W
290: y U V 7 V j a L z L 4 l r W
291: y U V 7 V j a L z L l 4 r W
292: y U V 7 V j a L z L V r W
293: y U V 7 V j a L z L 4 V r W
294: y U V 7 V j a L z L V 4 r W
295: y U V 7 V j a L z L Q r W
296: y U V 7 V j a L z L 4 Q r W
297: y U V 7 V j a L z L Q 4 r W
298: y V U 7 V j a L z L l r W
299: y V U 7 V j a L z L 4 l r W
300: y V U 7 V j a L z L l 4 r W
301: y V U 7 V j a L z L V r W
302: y V U 7 V j a L z L 4 V r W
303: y V U 7 V j a L z L V 4 r W
304: y V U 7 V j a L z L Q r W
305: y V U 7 V j a L z L 4 Q r W
306: y V U 7 V j a L z L Q 4 r W
307: y V 7 U V j a L z L l r W
308: y V 7 U V j a L z L 4 l r W
309: y V 7 U V j a L z L l 4 r W
310: y V 7 U V j a L z L V r W
311: y V 7 U V j a L z L 4 V r W
312: y V 7 U V j a L z L V 4 r W
313: y V 7 U V j a L z L Q r W
314: y V 7 U V j a L z L 4 Q r W
315: y V 7 U V j a L z L Q 4 r W
316: y V 7 V U j a L z L l r W
317: y V 7 V U j a L z L 4 l r W
318: y V 7 V U j a L z L l 4 r W
319: y V 7 V U j a L z L V r W
320: y V 7 V U j a L z L 4 V r W
321: y V 7 V U j a L z L V 4 r W
322: y V 7 V U j a L z L Q r W
323: y V 7 V U j a L z L 4 Q r W
324: y V 7 V U j a L z L Q 4 r W
325: y Z V j a 1 W
326: y V Z j a 1 W
327: y q V j a 1 W
328: y V q j a 1 W
329: y U V j a 1 W
330: y V U j a 1 W
331: y Z V 7 V j a 1 W
332: y V Z 7 V j a 1 W
333: y V 7 Z V j a 1 W
334: y V 7 V Z j a 1 W
335: y q V 7 V j a 1 W
336: y V q 7 V j a 1 W
337: y V 7 q V j a 1 W
338: y V 7 V q j a 1 W
339: y U V 7 V j a 1 W
340: y V U 7 V j a 1 W
341: y V 7 U V j a 1 W
342: y V 7 V U j a 1 W
343: y Z V j a 7 W
344: y V Z j a 7 W
345: y q V j a 7 W
346: y V q j a 7 W
347: y U V j a 7 W
348: y V U j a 7 W
349: y Z V 7 V j a 7 W
350: y V Z 7 V j a 7 W
351: y V 7 Z V j a 7 W
352: y V 7 V Z j a 7 W
353: y q V 7 V j a 7 W
354: y V q 7 V j a 7 W
355: y V 7 q V j a 7 W
356: y V 7 V q j a 7 W
357: y U V 7 V j a 7 W
358: y V U 7 V j a 7 W
359: y V 7 U V j a 7 W
360: y V 7 V U j a 7 W
361: y Z V j a o 9 W
362: y V Z j a o 9 W
363: y q V j a o 9 W
364: y V q j a o 9 W
365: y U V j a o 9 W
366: y V U j a o 9 W
367: y Z V 7 V j a o 9 W
368: y V Z 7 V j a o 9 W
369: y V 7 Z V j a o 9 W
370: y V 7 V Z j a o 9 W
371: y q V 7 V j a o 9 W
372: y V q 7 V j a o 9 W
373: y V 7 q V j a o 9 W
374: y V 7 V q j a o 9 W
375: y U V 7 V j a o 9 W
376: y V U 7 V j a o 9 W
377: y V 7 U V j a o 9 W
378: y V 7 V U j a o 9 W
379: y Z V j l L z s z L l r W
380: y Z V j l L z s z L 4 l r W
381: y Z V j l L z s z L l 4 r W
382: y Z V j l L z s z L V r W
383: y Z V j l L z s z L 4 V r W
384: y Z V j l L z s z L V 4 r W
385: y Z V j l L z s z L Q r W
386: y Z V j l L z s z L 4 Q r W
387: y Z V j l L z s z L Q 4 r W
388: y V Z j l L z s z L l r W
389: y V Z j l L z s z L 4 l r W
390: y V Z j l L z s z L l 4 r W
391: y V Z j l L z s z L V r W
392: y V Z j l L z s z L 4 V r W
393: y V Z j l L z s z L V 4 r W
394: y V Z j l L z s z L Q r W
395: y V Z j l L z s z L 4 Q r W
396: y V Z j l L z s z L Q 4 r W
397: y q V j l L z s z L l r W
398: y q V j l L z s z L 4 l r W
399: y q V j l L z s z L l 4 r W
400: y q V j l L z s z L V r W
401: y q V j l L z s z L 4 V r W
402: y q V j l L z s z L V 4 r W
403: y q V j l L z s z L Q r W
404: y q V j l L z s z L 4 Q r W
405: y q V j l L z s z L Q 4 r W
406: y V q j l L z s z L l r W
407: y V q j l L z s z L 4 l r W
408: y V q j l L z s z L l 4 r W
409: y V q j l L z s z L V r W
410: y V q j l L z s z L 4 V r W
411: y V q j l L z s z L V 4 r W
412: y V q j l L z s z L Q r W
413: y V q j l L z s z L 4 Q r W
414: y V q j l L z s z L Q 4 r W
415: y U V j l L z s z L l r W
416: y U V j l L z s z L 4 l r W
417: y U V j l L z s z L l 4 r W
418: y U V j l L z s z L V r W
419: y U V j l L z s z L 4 V r W
420: y U V j l L z s z L V 4 r W
421: y U V j l L z s z L Q r W
422: y U V j l L z s z L 4 Q r W
423: y U V j l L z s z L Q 4 r W
424: y V U j l L z s z L l r W
425: y V U j l L z s z L 4 l r W
426: y V U j l L z s z L l 4 r W
427: y V U j l L z s z L V r W
428: y V U j l L z s z L 4 V r W
429: y V U j l L z s z L V 4 r W
430: y V U j l L z s z L Q r W
431: y V U j l L z s z L 4 Q r W
432: y V U j l L z s z L Q 4 r W
433: y Z V 7 V j l L z s z L l r W
434: y Z V 7 V j l L z s z L 4 l r W
435: y Z V 7 V j l L z s z L l 4 r W
436: y Z V 7 V j l L z s z L V r W
437: y Z V 7 V j l L z s z L 4 V r W
438: y Z V 7 V j l L z s z L V 4 r W
439: y Z V 7 V j l L z s z L Q r W
440: y Z V 7 V j l L z s z L 4 Q r W
441: y Z V 7 V j l L z s z L Q 4 r W
442: y V Z 7 V j l L z s z L l r W
443: y V Z 7 V j l L z s z L 4 l r W
444: y V Z 7 V j l L z s z L l 4 r W
445: y V Z 7 V j l L z s z L V r W
446: y V Z 7 V j l L z s z L 4 V r W
447: y V Z 7 V j l L z s z L V 4 r W
448: y V Z 7 V j l L z s z L Q r W
449: y V Z 7 V j l L z s z L 4 Q r W
450: y V Z 7 V j l L z s z L Q 4 r W
451: y V 7 Z V j l L z s z L l r W
452: y V 7 Z V j l L z s z L 4 l r W
453: y V 7 Z V j l L z s z L l 4 r W
454: y V 7 Z V j l L z s z L V r W
455: y V 7 Z V j l L z s z L 4 V r W
456: y V 7 Z V j l L z s z L V 4 r W
457: y V 7 Z V j l L z s z L Q r W
458: y V 7 Z V j l L z s z L 4 Q r W
459: y V 7 Z V j l L z s z L Q 4 r W
460: y V 7 V Z j l L z s z L l r W
461: y V 7 V Z j l L z s z L 4 l r W
462: y V 7 V Z j l L z s z L l 4 r W
463: y V 7 V Z j l L z s z L V r W
464: y V 7 V Z j l L z s z L 4 V r W
465: y V 7 V Z j l L z s z L V 4 r W
466: y V 7 V Z j l L z s z L Q r W
467: y V 7 V Z j l L z s z L 4 Q r W
468: y V 7 V Z j l L z s z L Q 4 r W
469: y q V 7 V j l L z s z L l r W
470: y q V 7 V j l L z s z L 4 l r W
471: y q V 7 V j l L z s z L l 4 r W
472: y q V 7 V j l L z s z L V r W
473: y q V 7 V j l L z s z L 4 V r W
474: y q V 7 V j l L z s z L V 4 r W
475: y q V 7 V j l L z s z L Q r W
476: y q V 7 V j l L z s z L 4 Q r W
477: y q V 7 V j l L z s z L Q 4 r W
478: y V q 7 V j l L z s z L l r W
479: y V q 7 V j l L z s z L 4 l r W
480: y V q 7 V j l L z s z L l 4 r W
481: y V q 7 V j l L z s z L V r W
482: y V q 7 V j l L z s z L 4 V r W
483: y V q 7 V j l L z s z L V 4 r W
484: y V q 7 V j l L z s z L Q r W
485: y V q 7 V j l L z s z L 4 Q r W
486: y V q 7 V j l L z s z L Q 4 r W
487: y V 7 q V j l L z s z L l r W
488: y V 7 q V j l L z s z L 4 l r W
489: y V 7 q V j l L z s z L l 4 r W
490: y V 7 q V j l L z s z L V r W
491: y V 7 q V j l L z s z L 4 V r W
492: y V 7 q V j l L z s z L V 4 r W
493: y V 7 q V j l L z s z L Q r W
494: y V 7 q V j l L z s z L 4 Q r W
495: y V 7 q V j l L z s z L Q 4 r W
496: y V 7 V q j l L z s z L l r W
497: y V 7 V q j l L z s z L 4 l r W
498: y V 7 V q j l L z s z L l 4 r W
499: y V 7 V q j l L z s z L V r W
500: y V 7 V q j l L z s z L 4 V r W
501: y V 7 V q j l L z s z L V 4 r W
502: y V 7 V q j l L z s z L Q r W
503: y V 7 V q j l L z s z L 4 Q r W
504: y V 7 V q j l L z s z L Q 4 r W
505: y U V 7 V j l L z s z L l r W
506: y U V 7 V j l L z s z L 4 l r W
507: y U V 7 V j l L z s z L l 4 r W
508: y U V 7 V j l L z s z L V r W
509: y U V 7 V j l L z s z L 4 V r W
510: y U V 7 V j l L z s z L V 4 r W
511: y U V 7 V j l L z s z L Q r W
512: y U V 7 V j l L z s z L 4 Q r W
513: y U V 7 V j l L z s z L Q 4 r W
514: y V U 7 V j l L z s z L l r W
515: y V U 7 V j l L z s z L 4 l r W
516: y V U 7 V j l L z s z L l 4 r W
517: y V U 7 V j l L z s z L V r W
518: y V U 7 V j l L z s z L 4 V r W
519: y V U 7 V j l L z s z L V 4 r W
520: y V U 7 V j l L z s z L Q r W
521: y V U 7 V j l L z s z L 4 Q r W
522: y V U 7 V j l L z s z L Q 4 r W
523: y V 7 U V j l L z s z L l r W
524: y V 7 U V j l L z s z L 4 l r W
525: y V 7 U V j l L z s z L l 4 r W
526: y V 7 U V j l L z s z L V r W
527: y V 7 U V j l L z s z L 4 V r W
528: y V 7 U V j l L z s z L V 4 r W
529: y V 7 U V j l L z s z L Q r W
530: y V 7 U V j l L z s z L 4 Q r W
531: y V 7 U V j l L z s z L Q 4 r W
532: y V 7 V U j l L z s z L l r W
533: y V 7 V U j l L z s z L 4 l r W
534: y V 7 V U j l L z s z L l 4 r W
535: y V 7 V U j l L z s z L V r W
536: y V 7 V U j l L z s z L 4 V r W
537: y V 7 V U j l L z s z L V 4 r W
538: y V 7 V U j l L z s z L Q r W
539: y V 7 V U j l L z s z L 4 Q r W
540: y V 7 V U j l L z s z L Q 4 r W
541: y Z V j l L z L l r W
542: y Z V j l L z L 4 l r W
543: y Z V j l L z L l 4 r W
544: y Z V j l L z L V r W
545: y Z V j l L z L 4 V r W
546: y Z V j l L z L V 4 r W
547: y Z V j l L z L Q r W
548: y Z V j l L z L 4 Q r W
549: y Z V j l L z L Q 4 r W
550: y V Z j l L z L l r W
551: y V Z j l L z L 4 l r W
552: y V Z j l L z L l 4 r W
553: y V Z j l L z L V r W
554: y V Z j l L z L 4 V r W
555: y V Z j l L z L V 4 r W
556: y V Z j l L z L Q r W
557: y V Z j l L z L 4 Q r W
558: y V Z j l L z L Q 4 r W
559: y q V j l L z L l r W
560: y q V j l L z L 4 l r W
561: y q V j l L z L l 4 r W
562: y q V j l L z L V r W
563: y q V j l L z L 4 V r W
564: y q V j l L z L V 4 r W
565: y q V j l L z L Q r W
566: y q V j l L z L 4 Q r W
567: y q V j l L z L Q 4 r W
568: y V q j l L z L l r W
569: y V q j l L z L 4 l r W
570: y V q j l L z L l 4 r W
571: y V q j l L z L V r W
572: y V q j l L z L 4 V r W
573: y V q j l L z L V 4 r W
574: y V q j l L z L Q r W
575: y V q j l L z L 4 Q r W
576: y V q j l L z L Q 4 r W
577: y U V j l L z L l r W
578: y U V j l L z L 4 l r W
579: y U V j l L z L l 4 r W
580: y U V j l L z L V r W
581: y U V j l L z L 4 V r W
582: y U V j l L z L V 4 r W
583: y U V j l L z L Q r W
584: y U V j l L z L 4 Q r W
585: y U V j l L z L Q 4 r W
586: y V U j l L z L l r W
587: y V U j l L z L 4 l r W
588: y V U j l L z L l 4 r W
589: y V U j l L z L V r W
590: y V U j l L z L 4 V r W
591: y V U j l L z L V 4 r W
592: y V U j l L z L Q r W
593: y V U j l L z L 4 Q r W
594: y V U j l L z L Q 4 r W
595: y Z V 7 V j l L z L l r W
596: y Z V 7 V j l L z L 4 l r W
597: y Z V 7 V j l L z L l 4 r W
598: y Z V 7 V j l L z L V r W
599: y Z V 7 V j l L z L 4 V r W
600: y Z V 7 V j l L z L V 4 r W
601: y Z V 7 V j l L z L Q r W
602: y Z V 7 V j l L z L 4 Q r W
603: y Z V 7 V j l L z L Q 4 r W
604: y V Z 7 V j l L z L l r W
605: y V Z 7 V j l L z L 4 l r W
606: y V Z 7 V j l L z L l 4 r W
607: y V Z 7 V j l L z L V r W
608: y V Z 7 V j l L z L 4 V r W
609: y V Z 7 V j l L z L V 4 r W
610: y V Z 7 V j l L z L Q r W
611: y V Z 7 V j l L z L 4 Q r W
612: y V Z 7 V j l L z L Q 4 r W
613: y V 7 Z V j l L z L l r W
614: y V 7 Z V j l L z L 4 l r W
615: y V 7 Z V j l L z L l 4 r W
616: y V 7 Z V j l L z L V r W
617: y V 7 Z V j l L z L 4 V r W
618: y V 7 Z V j l L z L V 4 r W
619: y V 7 Z V j l L z L Q r W
620: y V 7 Z V j l L z L 4 Q r W
621: y V 7 Z V j l L z L Q 4 r W
622: y V 7 V Z j l L z L l r W
623: y V 7 V Z j l L z L 4 l r W
624: y V 7 V Z j l L z L l 4 r W
625: y V 7 V Z j l L z L V r W
626: y V 7 V Z j l L z L 4 V r W
627: y V 7 V Z j l L z L V 4 r W
628: y V 7 V Z j l L z L Q r W
629: y V 7 V Z j l L z L 4 Q r W
630: y V 7 V Z j l L z L Q 4 r W
631: y q V 7 V j l L z L l r W
632: y q V 7 V j l L z L 4 l r W
633: y q V 7 V j l L z L l 4 r W
634: y q V 7 V j l L z L V r W
635: y q V 7 V j l L z L 4 V r W
636: y q V 7 V j l L z L V 4 r W
637: y q V 7 V j l L z L Q r W
638: y q V 7 V j l L z L 4 Q r W
639: y q V 7 V j l L z L Q 4 r W
640: y V q 7 V j l L z L l r W
641: y V q 7 V j l L z L 4 l r W
642: y V q 7 V j l L z L l 4 r W
643: y V q 7 V j l L z L V r W
644: y V q 7 V j l L z L 4 V r W
645: y V q 7 V j l L z L V 4 r W
646: y V q 7 V j l L z L Q r W
647: y V q 7 V j l L z L 4 Q r W
648: y V q 7 V j l L z L Q 4 r W
649: y V 7 q V j l L z L l r W
650: y V 7 q V j l L z L 4 l r W
651: y V 7 q V j l L z L l 4 r W
652: y V 7 q V j l L z L V r W
653: y V 7 q V j l L z L 4 V r W
654: y V 7 q V j l L z L V 4 r W
655: y V 7 q V j l L z L Q r W
656: y V 7 q V j l L z L 4 Q r W
657: y V 7 q V j l L z L Q 4 r W
658: y V 7 V q j l L z L l r W
659: y V 7 V q j l L z L 4 l r W
660: y V 7 V q j l L z L l 4 r W
661: y V 7 V q j l L z L V r W
662: y V 7 V q j l L z L 4 V r W
663: y V 7 V q j l L z L V 4 r W
664: y V 7 V q j l L z L Q r W
665: y V 7 V q j l L z L 4 Q r W
666: y V 7 V q j l L z L Q 4 r W
667: y U V 7 V j l L z L l r W
668: y U V 7 V j l L z L 4 l r W
669: y U V 7 V j l L z L l 4 r W
670: y U V 7 V j l L z L V r W
671: y U V 7 V j l L z L 4 V r W
672: y U V 7 V j l L z L V 4 r W
673: y U V 7 V j l L z L Q r W
674: y U V 7 V j l L z L 4 Q r W
675: y U V 7 V j l L z L Q 4 r W
676: y V U 7 V j l L z L l r W
677: y V U 7 V j l L z L 4 l r W
678: y V U 7 V j l L z L l 4 r W
679: y V U 7 V j l L z L V r W
680: y V U 7 V j l L z L 4 V r W
681: y V U 7 V j l L z L V 4 r W
682: y V U 7 V j l L z L Q r W
683: y V U 7 V j l L z L 4 Q r W
684: y V U 7 V j l L z L Q 4 r W
685: y V 7 U V j l L z L l r W
686: y V 7 U V j l L z L 4 l r W
687: y V 7 U V j l L z L l 4 r W
688: y V 7 U V j l L z L V r W
689: y V 7 U V j l L z L 4 V r W
690: y V 7 U V j l L z L V 4 r W
691: y V 7 U V j l L z L Q r W
692: y V 7 U V j l L z L 4 Q r W
693: y V 7 U V j l L z L Q 4 r W
694: y V 7 V U j l L z L l r W
695: y V 7 V U j l L z L 4 l r W
696: y V 7 V U j l L z L l 4 r W
697: y V 7 V U j l L z L V r W
698: y V 7 V U j l L z L 4 V r W
699: y V 7 V U j l L z L V 4 r W
700: y V 7 V U j l L z L Q r W
701: y V 7 V U j l L z L 4 Q r W
702: y V 7 V U j l L z L Q 4 r W
703: y Z V j l 1 W
704: y V Z j l 1 W
705: y q V j l 1 W
706: y V q j l 1 W
707: y U V j l 1 W
708: y V U j l 1 W
709: y Z V 7 V j l 1 W
710: y V Z 7 V j l 1 W
711: y V 7 Z V j l 1 W
712: y V 7 V Z j l 1 W
713: y q V 7 V j l 1 W
714: y V q 7 V j l 1 W
715: y V 7 q V j l 1 W
716: y V 7 V q j l 1 W
717: y U V 7 V j l 1 W
718: y V U 7 V j l 1 W
719: y V 7 U V j l 1 W
720: y V 7 V U j l 1 W
721: y Z V j l 7 W
722: y V Z j l 7 W
723: y q V j l 7 W
724: y V q j l 7 W
725: y U V j l 7 W
726: y V U j l 7 W
727: y Z V 7 V j l 7 W
728: y V Z 7 V j l 7 W
729: y V 7 Z V j l 7 W
730: y V 7 V Z j l 7 W
731: y q V 7 V j l 7 W
732: y V q 7 V j l 7 W
733: y V 7 q V j l 7 W
734: y V 7 V q j l 7 W
735: y U V 7 V j l 7 W
736: y V U 7 V j l 7 W
737: y V 7 U V j l 7 W
738: y V 7 V U j l 7 W
739: y Z V j l o 9 W
740: y V Z j l o 9 W
741: y q V j l o 9 W
742: y V q j l o 9 W
743: y U V j l o 9 W
744: y V U j l o 9 W
745: y Z V 7 V j l o 9 W
746: y V Z 7 V j l o 9 W
747: y V 7 Z V j l o 9 W
748: y V 7 V Z j l o 9 W
749: y q V 7 V j l o 9 W
750: y V q 7 V j l o 9 W
751: y V 7 q V j l o 9 W
752: y V 7 V q j l o 9 W
753: y U V 7 V j l o 9 W
754: y V U 7 V j l o 9 W
755: y V 7 U V j l o 9 W
756: y V 7 V U j l o 9 W
757: y Z V j Y L z s z L l r W
758: y Z V j Y L z s z L 4 l r W
759: y Z V j Y L z s z L l 4 r W
760: y Z V j Y L z s z L V r W
761: y Z V j Y L z s z L 4 V r W
762: y Z V j Y L z s z L V 4 r W
763: y Z V j Y L z s z L Q r W
764: y Z V j Y L z s z L 4 Q r W
765: y Z V j Y L z s z L Q 4 r W
766: y V Z j Y L z s z L l r W
767: y V Z j Y L z s z L 4 l r W
768: y V Z j Y L z s z L l 4 r W
769: y V Z j Y L z s z L V r W
770: y V Z j Y L z s z L 4 V r W
771: y V Z j Y L z s z L V 4 r W
772: y V Z j Y L z s z L Q r W
773: y V Z j Y L z s z L 4 Q r W
774: y V Z j Y L z s z L Q 4 r W
775: y q V j Y L z s z L l r W
776: y q V j Y L z s z L 4 l r W
777: y q V j Y L z s z L l 4 r W
778: y q V j Y L z s z L V r W
779: y q V j Y L z s z L 4 V r W
780: y q V j Y L z s z L V 4 r W
781: y q V j Y L z s z L Q r W
782: y q V j Y L z s z L 4 Q r W
783: y q V j Y L z s z L Q 4 r W
784: y V q j Y L z s z L l r W
785: y V q j Y L z s z L 4 l r W
786: y V q j Y L z s z L l 4 r W
787: y V q j Y L z s z L V r W
788: y V q j Y L z s z L 4 V r W
789: y V q j Y L z s z L V 4 r W
790: y V q j Y L z s z L Q r W
791: y V q j Y L z s z L 4 Q r W
792: y V q j Y L z s z L Q 4 r W
793: y U V j Y L z s z L l r W
794: y U V j Y L z s z L 4 l r W
795: y U V j Y L z s z L l 4 r W
796: y U V j Y L z s z L V r W
797: y U V j Y L z s z L 4 V r W
798: y U V j Y L z s z L V 4 r W
799: y U V j Y L z s z L Q r W
800: y U V j Y L z s z L 4 Q r W
801: y U V j Y L z s z L Q 4 r W
802: y V U j Y L z s z L l r W
803: y V U j Y L z s z L 4 l r W
804: y V U j Y L z s z L l 4 r W
805: y V U j Y L z s z L V r W
806: y V U j Y L z s z L 4 V r W
807: y V U j Y L z s z L V 4 r W
808: y V U j Y L z s z L Q r W
809: y V U j Y L z s z L 4 Q r W
810: y V U j Y L z s z L Q 4 r W
811: y Z V 7 V j Y L z s z L l r W
812: y Z V 7 V j Y L z s z L 4 l r W
813: y Z V 7 V j Y L z s z L l 4 r W
814: y Z V 7 V j Y L z s z L V r W
815: y Z V 7 V j Y L z s z L 4 V r W
816: y Z V 7 V j Y L z s z L V 4 r W
817: y Z V 7 V j Y L z s z L Q r W
818: y Z V 7 V j Y L z s z L 4 Q r W
819: y Z V 7 V j Y L z s z L Q 4 r W
820: y V Z 7 V j Y L z s z L l r W
821: y V Z 7 V j Y L z s z L 4 l r W
822: y V Z 7 V j Y L z s z L l 4 r W
823: y V Z 7 V j Y L z s z L V r W
824: y V Z 7 V j Y L z s z L 4 V r W
825: y V Z 7 V j Y L z s z L V 4 r W
826: y V Z 7 V j Y L z s z L Q r W
827: y V Z 7 V j Y L z s z L 4 Q r W
828: y V Z 7 V j Y L z s z L Q 4 r W
829: y V 7 Z V j Y L z s z L l r W
830: y V 7 Z V j Y L z s z L 4 l r W
831: y V 7 Z V j Y L z s z L l 4 r W
832: y V 7 Z V j Y L z s z L V r W
833: y V 7 Z V j Y L z s z L 4 V r W
834: y V 7 Z V j Y L z s z L V 4 r W
835: y V 7 Z V j Y L z s z L Q r W
836: y V 7 Z V j Y L z s z L 4 Q r W
837: y V 7 Z V j Y L z s z L Q 4 r W
838: y V 7 V Z j Y L z s z L l r W
839: y V 7 V Z j Y L z s z L 4 l r W
840: y V 7 V Z j Y L z s z L l 4 r W
841: y V 7 V Z j Y L z s z L V r W
842: y V 7 V Z j Y L z s z L 4 V r W
843: y V 7 V Z j Y L z s z L V 4 r W
844: y V 7 V Z j Y L z s z L Q r W
845: y V 7 V Z j Y L z s z L 4 Q r W
846: y V 7 V Z j Y L z s z L Q 4 r W
847: y q V 7 V j Y L z s z L l r W
848: y q V 7 V j Y L z s z L 4 l r W
849: y q V 7 V j Y L z s z L l 4 r W
850: y q V 7 V j Y L z s z L V r W
851: y q V 7 V j Y L z s z L 4 V r W
852: y q V 7 V j Y L z s z L V 4 r W
853: y q V 7 V j Y L z s z L Q r W
854: y q V 7 V j Y L z s z L 4 Q r W
855: y q V 7 V j Y L z s z L Q 4 r W
856: y V q 7 V j Y L z s z L l r W
857: y V q 7 V j Y L z s z L 4 l r W
858: y V q 7 V j Y L z s z L l 4 r W
859: y V q 7 V j Y L z s z L V r W
860: y V q 7 V j Y L z s z L 4 V r W
861: y V q 7 V j Y L z s z L V 4 r W
862: y V q 7 V j Y L z s z L Q r W
863: y V q 7 V j Y L z s z L 4 Q r W
864: y V q 7 V j Y L z s z L Q 4 r W
865: y V 7 q V j Y L z s z L l r W
866: y V 7 q V j Y L z s z L 4 l r W
867: y V 7 q V j Y L z s z L l 4 r W
868: y V 7 q V j Y L z s z L V r W
869: y V 7 q V j Y L z s z L 4 V r W
870: y V 7 q V j Y L z s z L V 4 r W
871: y V 7 q V j Y L z s z L Q r W
872: y V 7 q V j Y L z s z L 4 Q r W
873: y V 7 q V j Y L z s z L Q 4 r W
874: y V 7 V q j Y L z s z L l r W
875: y V 7 V q j Y L z s z L 4 l r W
876: y V 7 V q j Y L z s z L l 4 r W
877: y V 7 V q j Y L z s z L V r W
878: y V 7 V q j Y L z s z L 4 V r W
879: y V 7 V q j Y L z s z L V 4 r W
880: y V 7 V q j Y L z s z L Q r W
881: y V 7 V q j Y L z s z L 4 Q r W
882: y V 7 V q j Y L z s z L Q 4 r W
883: y U V 7 V j Y L z s z L l r W
884: y U V 7 V j Y L z s z L 4 l r W
885: y U V 7 V j Y L z s z L l 4 r W
886: y U V 7 V j Y L z s z L V r W
887: y U V 7 V j Y L z s z L 4 V r W
888: y U V 7 V j Y L z s z L V 4 r W
889: y U V 7 V j Y L z s z L Q r W
890: y U V 7 V j Y L z s z L 4 Q r W
891: y U V 7 V j Y L z s z L Q 4 r W
892: y V U 7 V j Y L z s z L l r W
893: y V U 7 V j Y L z s z L 4 l r W
894: y V U 7 V j Y L z s z L l 4 r W
895: y V U 7 V j Y L z s z L V r W
896: y V U 7 V j Y L z s z L 4 V r W
897: y V U 7 V j Y L z s z L V 4 r W
898: y V U 7 V j Y L z s z L Q r W
899: y V U 7 V j Y L z s z L 4 Q r W
900: y V U 7 V j Y L z s z L Q 4 r W
901: y V 7 U V j Y L z s z L l r W
902: y V 7 U V j Y L z s z L 4 l r W
903: y V 7 U V j Y L z s z L l 4 r W
904: y V 7 U V j Y L z s z L V r W
905: y V 7 U V j Y L z s z L 4 V r W
906: y V 7 U V j Y L z s z L V 4 r W
907: y V 7 U V j Y L z s z L Q r W
908: y V 7 U V j Y L z s z L 4 Q r W
909: y V 7 U V j Y L z s z L Q 4 r W
910: y V 7 V U j Y L z s z L l r W
911: y V 7 V U j Y L z s z L 4 l r W
912: y V 7 V U j Y L z s z L l 4 r W
913: y V 7 V U j Y L z s z L V r W
914: y V 7 V U j Y L z s z L 4 V r W
915: y V 7 V U j Y L z s z L V 4 r W
916: y V 7 V U j Y L z s z L Q r W
917: y V 7 V U j Y L z s z L 4 Q r W
918: y V 7 V U j Y L z s z L Q 4 r W
919: y Z V j Y L z L l r W
920: y Z V j Y L z L 4 l r W
921: y Z V j Y L z L l 4 r W
922: y Z V j Y L z L V r W
923: y Z V j Y L z L 4 V r W
924: y Z V j Y L z L V 4 r W
925: y Z V j Y L z L Q r W
926: y Z V j Y L z L 4 Q r W
927: y Z V j Y L z L Q 4 r W
928: y V Z j Y L z L l r W
929: y V Z j Y L z L 4 l r W
930: y V Z j Y L z L l 4 r W
931: y V Z j Y L z L V r W
932: y V Z j Y L z L 4 V r W
933: y V Z j Y L z L V 4 r W
934: y V Z j Y L z L Q r W
935: y V Z j Y L z L 4 Q r W
936: y V Z j Y L z L Q 4 r W
937: y q V j Y L z L l r W
938: y q V j Y L z L 4 l r W
939: y q V j Y L z L l 4 r W
940: y q V j Y L z L V r W
941: y q V j Y L z L 4 V r W
942: y q V j Y L z L V 4 r W
943: y q V j Y L z L Q r W
944: y q V j Y L z L 4 Q r W
945: y q V j Y L z L Q 4 r W
946: y V q j Y L z L l r W
947: y V q j Y L z L 4 l r W
948: y V q j Y L z L l 4 r W
949: y V q j Y L z L V r W
950: y V q j Y L z L 4 V r W
951: y V q j Y L z L V 4 r W
952: y V q j Y L z L Q r W
953: y V q j Y L z L 4 Q r W
954: y V q j Y L z L Q 4 r W
955: y U V j Y L z L l r W
956: y U V j Y L z L 4 l r W
957: y U V j Y L z L l 4 r W
958: y U V j Y L z L V r W
959: y U V j Y L z L 4 V r W
960: y U V j Y L z L V 4 r W
961: y U V j Y L z L Q r W
962: y U V j Y L z L 4 Q r W
963: y U V j Y L z L Q 4 r W
964: y V U j Y L z L l r W
965: y V U j Y L z L 4 l r W
966: y V U j Y L z L l 4 r W
967: y V U j Y L z L V r W
968: y V U j Y L z L 4 V r W
969: y V U j Y L z L V 4 r W
970: y V U j Y L z L Q r W
971: y V U j Y L z L 4 Q r W
972: y V U j Y L z L Q 4 r W
973: y Z V 7 V j Y L z L l r W
974: y Z V 7 V j Y L z L 4 l r W
975: y Z V 7 V j Y L z L l 4 r W
976: y Z V 7 V j Y L z L V r W
977: y Z V 7 V j Y L z L 4 V r W
978: y Z V 7 V j Y L z L V 4 r W
979: y Z V 7 V j Y L z L Q r W
980: y Z V 7 V j Y L z L 4 Q r W
981: y Z V 7 V j Y L z L Q 4 r W
982: y V Z 7 V j Y L z L l r W
983: y V Z 7 V j Y L z L 4 l r W
984: y V Z 7 V j Y L z L l 4 r W
985: y V Z 7 V j Y L z L V r W
986: y V Z 7 V j Y L z L 4 V r W
987: y V Z 7 V j Y L z L V 4 r W
988: y V Z 7 V j Y L z L Q r W
989: y V Z 7 V j Y L z L 4 Q r W
990: y V Z 7 V j Y L z L Q 4 r W
991: y V 7 Z V j Y L z L l r W
992: y V 7 Z V j Y L z L 4 l r W
993: y V 7 Z V j Y L z L l 4 r W
994: y V 7 Z V j Y L z L V r W
995: y V 7 Z V j Y L z L 4 V r W
996: y V 7 Z V j Y L z L V 4 r W
997: y V 7 Z V j Y L z L Q r W
998: y V 7 Z V j Y L z L 4 Q r W
999: y V 7 Z V j Y L z L Q 4 r W
1000: y V 7 V Z j Y L z L l r W
1001: y V 7 V Z j Y L z L 4 l r W
1002: y V 7 V Z j Y L z L l 4 r W
1003: y V 7 V Z j Y L z L V r W
1004: y V 7 V Z j Y L z L 4 V r W
1005: y V 7 V Z j Y L z L V 4 r W
1006: y V 7 V Z j Y L z L Q r W
1007: y V 7 V Z j Y L z L 4 Q r W
1008: y V 7 V Z j Y L z L Q 4 r W
1009: y q V 7 V j Y L z L l r W
1010: y q V 7 V j Y L z L 4 l r W
1011: y q V 7 V j Y L z L l 4 r W
1012: y q V 7 V j Y L z L V r W
1013: y q V 7 V j Y L z L 4 V r W
1014: y q V 7 V j Y L z L V 4 r W
1015: y q V 7 V j Y L z L Q r W
1016: y q V 7 V j Y L z L 4 Q r W
1017: y q V 7 V j Y L z L Q 4 r W
1018: y V q 7 V j Y L z L l r W
1019: y V q 7 V j Y L z L 4 l r W
1020: y V q 7 V j Y L z L l 4 r W
1021: y V q 7 V j Y L z L V r W
1022: y V q 7 V j Y L z L 4 V r W
1023: y V q 7 V j Y L z L V 4 r W
1024: y V q 7 V j Y L z L Q r W
1025: y V q 7 V j Y L z L 4 Q r W
1026: y V q 7 V j Y L z L Q 4 r W
1027: y V 7 q V j Y L z L l r W
1028: y V 7 q V j Y L z L 4 l r W
1029: y V 7 q V j Y L z L l 4 r W
1030: y V 7 q V j Y L z L V r W
1031: y V 7 q V j Y L z L 4 V r W
1032: y V 7 q V j Y L z L V 4 r W
1033: y V 7 q V j Y L z L Q r W
1034: y V 7 q V j Y L z L 4 Q r W
1035: y V 7 q V j Y L z L Q 4 r W
1036: y V 7 V q j Y L z L l r W
1037: y V 7 V q j Y L z L 4 l r W
1038: y V 7 V q j Y L z L l 4 r W
1039: y V 7 V q j Y L z L V r W
1040: y V 7 V q j Y L z L 4 V r W
1041: y V 7 V q j Y L z L V 4 r W
1042: y V 7 V q j Y L z L Q r W
1043: y V 7 V q j Y L z L 4 Q r W
1044: y V 7 V q j Y L z L Q 4 r W
1045: y U V 7 V j Y L z L l r W
1046: y U V 7 V j Y L z L 4 l r W
1047: y U V 7 V j Y L z L l 4 r W
1048: y U V 7 V j Y L z L V r W
1049: y U V 7 V j Y L z L 4 V r W
1050: y U V 7 V j Y L z L V 4 r W
1051: y U V 7 V j Y L z L Q r W
1052: y U V 7 V j Y L z L 4 Q r W
1053: y U V 7 V j Y L z L Q 4 r W
1054: y V U 7 V j Y L z L l r W
1055: y V U 7 V j Y L z L 4 l r W
1056: y V U 7 V j Y L z L l 4 r W
1057: y V U 7 V j Y L z L V r W
1058: y V U 7 V j Y L z L 4 V r W
1059: y V U 7 V j Y L z L V 4 r W
1060: y V U 7 V j Y L z L Q r W
1061: y V U 7 V j Y L z L 4 Q r W
1062: y V U 7 V j Y L z L Q 4 r W
1063: y V 7 U V j Y L z L l r W
1064: y V 7 U V j Y L z L 4 l r W
1065: y V 7 U V j Y L z L l 4 r W
1066: y V 7 U V j Y L z L V r W
1067: y V 7 U V j Y L z L 4 V r W
1068: y V 7 U V j Y L z L V 4 r W
1069: y V 7 U V j Y L z L Q r W
1070: y V 7 U V j Y L z L 4 Q r W
1071: y V 7 U V j Y L z L Q 4 r W
1072: y V 7 V U j Y L z L l r W
1073: y V 7 V U j Y L z L 4 l r W
1074: y V 7 V U j Y L z L l 4 r W
1075: y V 7 V U j Y L z L V r W
1076: y V 7 V U j Y L z L 4 V r W
1077: y V 7 V U j Y L z L V 4 r W
1078: y V 7 V U j Y L z L Q r W
1079: y V 7 V U j Y L z L 4 Q r W
1080: y V 7 V U j Y L z L Q 4 r W
1081: y Z V j Y 1 W
1082: y V Z j Y 1 W
1083: y q V j Y 1 W
1084: y V q j Y 1 W
1085: y U V j Y 1 W
1086: y V U j Y 1 W
1087: y Z V 7 V j Y 1 W
1088: y V Z 7 V j Y 1 W
1089: y V 7 Z V j Y 1 W
1090: y V 7 V Z j Y 1 W
1091: y q V 7 V j Y 1 W
1092: y V q 7 V j Y 1 W
1093: y V 7 q V j Y 1 W
1094: y V 7 V q j Y 1 W
1095: y U V 7 V j Y 1 W
1096: y V U 7 V j Y 1 W
1097: y V 7 U V j Y 1 W
1098: y V 7 V U j Y 1 W
1099: y Z V j Y 7 W
1100: y V Z j Y 7 W
1101: y q V j Y 7 W
1102: y V q j Y 7 W
1103: y U V j Y 7 W
1104: y V U j Y 7 W
1105: y Z V 7 V j Y 7 W
1106: y V Z 7 V j Y 7 W
1107: y V 7 Z V j Y 7 W
1108: y V 7 V Z j Y 7 W
1109: y q V 7 V j Y 7 W
1110: y V q 7 V j Y 7 W
1111: y V 7 q V j Y 7 W
1112: y V 7 V q j Y 7 W
1113: y U V 7 V j Y 7 W
1114: y V U 7 V j Y 7 W
1115: y V 7 U V j Y 7 W
1116: y V 7 V U j Y 7 W
1117: y Z V j Y o 9 W
1118: y V Z j Y o 9 W
1119: y q V j Y o 9 W
1120: y V q j Y o 9 W
1121: y U V j Y o 9 W
1122: y V U j Y o 9 W
1123: y Z V 7 V j Y o 9 W
1124: y V Z 7 V j Y o 9 W
1125: y V 7 Z V j Y o 9 W
1126: y V 7 V Z j Y o 9 W
1127: y q V 7 V j Y o 9 W
1128: y V q 7 V j Y o 9 W
1129: y V 7 q V j Y o 9 W
1130: y V 7 V q j Y o 9 W
1131: y U V 7 V j Y o 9 W
1132: y V U 7 V j Y o 9 W
1133: y V 7 U V j Y o 9 W
1134: y V 7 V U j Y o 9 W
1135: y Z V j D L z s z L l r W
1136: y Z V j D L z s z L 4 l r W
1137: y Z V j D L z s z L l 4 r W
1138: y Z V j D L z s z L V r W
1139: y Z V j D L z s z L 4 V r W
1140: y Z V j D L z s z L V 4 r W
1141: y Z V j D L z s z L Q r W
1142: y Z V j D L z s z L 4 Q r W
1143: y Z V j D L z s z L Q 4 r W
1144: y V Z j D L z s z L l r W
1145: y V Z j D L z s z L 4 l r W
1146: y V Z j D L z s z L l 4 r W
1147: y V Z j D L z s z L V r W
1148: y V Z j D L z s z L 4 V r W
1149: y V Z j D L z s z L V 4 r W
1150: y V Z j D L z s z L Q r W
1151: y V Z j D L z s z L 4 Q r W
1152: y V Z j D L z s z L Q 4 r W
1153: y q V j D L z s z L l r W
1154: y q V j D L z s z L 4 l r W
1155: y q V j D L z s z L l 4 r W
1156: y q V j D L z s z L V r W
1157: y q V j D L z s z L 4 V r W
1158: y q V j D L z s z L V 4 r W
1159: y q V j D L z s z L Q r W
1160: y q V j D L z s z L 4 Q r W
1161: y q V j D L z s z L Q 4 r W
1162: y V q j D L z s z L l r W
1163: y V q j D L z s z L 4 l r W
1164: y V q j D L z s z L l 4 r W
1165: y V q j D L z s z L V r W
1166: y V q j D L z s z L 4 V r W
1167: y V q j D L z s z L V 4 r W
1168: y V q j D L z s z L Q r W
1169: y V q j D L z s z L 4 Q r W
1170: y V q j D L z s z L Q 4 r W
1171: y U V j D L z s z L l r W
1172: y U V j D L z s z L 4 l r W
1173: y U V j D L z s z L l 4 r W
1174: y U V j D L z s z L V r W
1175: y U V j D L z s z L 4 V r W
1176: y U V j D L z s z L V 4 r W
1177: y U V j D L z s z L Q r W
1178: y U V j D L z s z L 4 Q r W
1179: y U V j D L z s z L Q 4 r W
1180: y V U j D L z s z L l r W
1181: y V U j D L z s z L 4 l r W
1182: y V U j D L z s z L l 4 r W
1183: y V U j D L z s z L V r W
1184: y V U j D L z s z L 4 V r W
1185: y V U j D L z s z L V 4 r W
1186: y V U j D L z s z L Q r W
1187: y V U j D L z s z L 4 Q r W
1188: y V U j D L z s z L Q 4 r W
1189: y Z V 7 V j D L z s z L l r W
1190: y Z V 7 V j D L z s z L 4 l r W
1191: y Z V 7 V j D L z s z L l 4 r W
1192: y Z V 7 V j D L z s z L V r W
1193: y Z V 7 V j D L z s z L 4 V r W
1194: y Z V 7 V j D L z s z L V 4 r W
1195: y Z V 7 V j D L z s z L Q r W
1196: y Z V 7 V j D L z s z L 4 Q r W
1197: y Z V 7 V j D L z s z L Q 4 r W
1198: y V Z 7 V j D L z s z L l r W
1199: y V Z 7 V j D L z s z L 4 l r W
1200: y V Z 7 V j D L z s z L l 4 r W
1201: y V Z 7 V j D L z s z L V r W
1202: y V Z 7 V j D L z s z L 4 V r W
1203: y V Z 7 V j D L z s z L V 4 r W
1204: y V Z 7 V j D L z s z L Q r W
1205: y V Z 7 V j D L z s z L 4 Q r W
1206: y V Z 7 V j D L z s z L Q 4 r W
1207: y V 7 Z V j D L z s z L l r W
1208: y V 7 Z V j D L z s z L 4 l r W
1209: y V 7 Z V j D L z s z L l 4 r W
1210: y V 7 Z V j D L z s z L V r W
1211: y V 7 Z V j D L z s z L 4 V r W
1212: y V 7 Z V j D L z s z L V 4 r W
1213: y V 7 Z V j D L z s z L Q r W
1214: y V 7 Z V j D L z s z L 4 Q r W
1215: y V 7 Z V j D L z s z L Q 4 r W
1216: y V 7 V Z j D L z s z L l r W
1217: y V 7 V Z j D L z s z L 4 l r W
1218: y V 7 V Z j D L z s z L l 4 r W
1219: y V 7 V Z j D L z s z L V r W
1220: y V 7 V Z j D L z s z L 4 V r W
1221: y V 7 V Z j D L z s z L V 4 r W
1222: y V 7 V Z j D L z s z L Q r W
1223: y V 7 V Z j D L z s z L 4 Q r W
1224: y V 7 V Z j D L z s z L Q 4 r W
1225: y q V 7 V j D L z s z L l r W
1226: y q V 7 V j D L z s z L 4 l r W
1227: y q V 7 V j D L z s z L l 4 r W
1228: y q V 7 V j D L z s z L V r W
1229: y q V 7 V j D L z s z L 4 V r W
1230: y q V 7 V j D L z s z L V 4 r W
1231: y q V 7 V j D L z s z L Q r W
1232: y q V 7 V j D L z s z L 4 Q r W
1233: y q V 7 V j D L z s z L Q 4 r W
1234: y V q 7 V j D L z s z L l r W
1235: y V q 7 V j D L z s z L 4 l r W
1236: y V q 7 V j D L z s z L l 4 r W
1237: y V q 7 V j D L z s z L V r W
1238: y V q 7 V j D L z s z L 4 V r W
1239: y V q 7 V j D L z s z L V 4 r W
1240: y V q 7 V j D L z s z L Q r W
1241: y V q 7 V j D L z s z L 4 Q r W
1242: y V q 7 V j D L z s z L Q 4 r W
1243: y V 7 q V j D L z s z L l r W
1244: y V 7 q V j D L z s z L 4 l r W
1245: y V 7 q V j D L z s z L l 4 r W
1246: y V 7 q V j D L z s z L V r W
1247: y V 7 q V j D L z s z L 4 V r W
1248: y V 7 q V j D L z s z L V 4 r W
1249: y V 7 q V j D L z s z L Q r W
1250: y V 7 q V j D L z s z L 4 Q r W
1251: y V 7 q V j D L z s z L Q 4 r W
1252: y V 7 V q j D L z s z L l r W
1253: y V 7 V q j D L z s z L 4 l r W
1254: y V 7 V q j D L z s z L l 4 r W
1255: y V 7 V q j D L z s z L V r W
1256: y V 7 V q j D L z s z L 4 V r W
1257: y V 7 V q j D L z s z L V 4 r W
1258: y V 7 V q j D L z s z L Q r W
1259: y V 7 V q j D L z s z L 4 Q r W
1260: y V 7 V q j D L z s z L Q 4 r W
1261: y U V 7 V j D L z s z L l r W
1262: y U V 7 V j D L z s z L 4 l r W
1263: y U V 7 V j D L z s z L l 4 r W
1264: y U V 7 V j D L z s z L V r W
1265: y U V 7 V j D L z s z L 4 V r W
1266: y U V 7 V j D L z s z L V 4 r W
1267: y U V 7 V j D L z s z L Q r W
1268: y U V 7 V j D L z s z L 4 Q r W
1269: y U V 7 V j D L z s z L Q 4 r W
1270: y V U 7 V j D L z s z L l r W
1271: y V U 7 V j D L z s z L 4 l r W
1272: y V U 7 V j D L z s z L l 4 r W
1273: y V U 7 V j D L z s z L V r W
1274: y V U 7 V j D L z s z L 4 V r W
1275: y V U 7 V j D L z s z L V 4 r W
1276: y V U 7 V j D L z s z L Q r W
1277: y V U 7 V j D L z s z L 4 Q r W
1278: y V U 7 V j D L z s z L Q 4 r W
1279: y V 7 U V j D L z s z L l r W
1280: y V 7 U V j D L z s z L 4 l r W
1281: y V 7 U V j D L z s z L l 4 r W
1282: y V 7 U V j D L z s z L V r W
1283: y V 7 U V j D L z s z L 4 V r W
1284: y V 7 U V j D L z s z L V 4 r W
1285: y V 7 U V j D L z s z L Q r W
1286: y V 7 U V j D L z s z L 4 Q r W
1287: y V 7 U V j D L z s z L Q 4 r W
1288: y V 7 V U j D L z s z L l r W
1289: y V 7 V U j D L z s z L 4 l r W
1290: y V 7 V U j D L z s z L l 4 r W
1291: y V 7 V U j D L z s z L V r W
1292: y V 7 V U j D L z s z L 4 V r W
1293: y V 7 V U j D L z s z L V 4 r W
1294: y V 7 V U j D L z s z L Q r W
1295: y V 7 V U j D L z s z L 4 Q r W
1296: y V 7 V U j D L z s z L Q 4 r W
1297: y Z V j D L z L l r W
1298: y Z V j D L z L 4 l r W
1299: y Z V j D L z L l 4 r W
1300: y Z V j D L z L V r W
1301: y Z V j D L z L 4 V r W
1302: y Z V j D L z L V 4 r W
1303: y Z V j D L z L Q r W
1304: y Z V j D L z L 4 Q r W
1305: y Z V j D L z L Q 4 r W
1306: y V Z j D L z L l r W
1307: y V Z j D L z L 4 l r W
1308: y V Z j D L z L l 4 r W
1309: y V Z j D L z L V r W
1310: y V Z j D L z L 4 V r W
1311: y V Z j D L z L V 4 r W
1312: y V Z j D L z L Q r W
1313: y V Z j D L z L 4 Q r W
1314: y V Z j D L z L Q 4 r W
1315: y q V j D L z L l r W
1316: y q V j D L z L 4 l r W
1317: y q V j D L z L l 4 r W
1318: y q V j D L z L V r W
1319: y q V j D L z L 4 V r W
1320: y q V j D L z L V 4 r W
1321: y q V j D L z L Q r W
1322: y q V j D L z L 4 Q r W
1323: y q V j D L z L Q 4 r W
1324: y V q j D L z L l r W
1325: y V q j D L z L 4 l r W
1326: y V q j D L z L l 4 r W
1327: y V q j D L z L V r W
1328: y V q j D L z L 4 V r W
1329: y V q j D L z L V 4 r W
1330: y V q j D L z L Q r W
1331: y V q j D L z L 4 Q r W
1332: y V q j D L z L Q 4 r W
1333: y U V j D L z L l r W
1334: y U V j D L z L 4 l r W
1335: y U V j D L z L l 4 r W
1336: y U V j D L z L V r W
1337: y U V j D L z L 4 V r W
1338: y U V j D L z L V 4 r W
1339: y U V j D L z L Q r W
1340: y U V j D L z L 4 Q r W
1341: y U V j D L z L Q 4 r W
1342: y V U j D L z L l r W
1343: y V U j D L z L 4 l r W
1344: y V U j D L z L l 4 r W
1345: y V U j D L z L V r W
1346: y V U j D L z L 4 V r W
1347: y V U j D L z L V 4 r W
1348: y V U j D L z L Q r W
1349: y V U j D L z L 4 Q r W
1350: y V U j D L z L Q 4 r W
1351: y Z V 7 V j D L z L l r W
1352: y Z V 7 V j D L z L 4 l r W
1353: y Z V 7 V j D L z L l 4 r W
1354: y Z V 7 V j D L z L V r W
1355: y Z V 7 V j D L z L 4 V r W
1356: y Z V 7 V j D L z L V 4 r W
1357: y Z V 7 V j D L z L Q r W
1358: y Z V 7 V j D L z L 4 Q r W
1359: y Z V 7 V j D L z L Q 4 r W
1360: y V Z 7 V j D L z L l r W
1361: y V Z 7 V j D L z L 4 l r W
1362: y V Z 7 V j D L z L l 4 r W
1363: y V Z 7 V j D L z L V r W
1364: y V Z 7 V j D L z L 4 V r W
1365: y V Z 7 V j D L z L V 4 r W
1366: y V Z 7 V j D L z L Q r W
1367: y V Z 7 V j D L z L 4 Q r W
1368: y V Z 7 V j D L z L Q 4 r W
1369: y V 7 Z V j D L z L l r W
1370: y V 7 Z V j D L z L 4 l r W
1371: y V 7 Z V j D L z L l 4 r W
1372: y V 7 Z V j D L z L V r W
1373: y V 7 Z V j D L z L 4 V r W
1374: y V 7 Z V j D L z L V 4 r W
1375: y V 7 Z V j D L z L Q r W
1376: y V 7 Z V j D L z L 4 Q r W
1377: y V 7 Z V j D L z L Q 4 r W
1378: y V 7 V Z j D L z L l r W
1379: y V 7 V Z j D L z L 4 l r W
1380: y V 7 V Z j D L z L l 4 r W
1381: y V 7 V Z j D L z L V r W
1382: y V 7 V Z j D L z L 4 V r W
1383: y V 7 V Z j D L z L V 4 r W
1384: y V 7 V Z j D L z L Q r W
1385: y V 7 V Z j D L z L 4 Q r W
1386: y V 7 V Z j D L z L Q 4 r W
1387: y q V 7 V j D L z L l r W
1388: y q V 7 V j D L z L 4 l r W
1389: y q V 7 V j D L z L l 4 r W
1390: y q V 7 V j D L z L V r W
1391: y q V 7 V j D L z L 4 V r W
1392: y q V 7 V j D L z L V 4 r W
1393: y q V 7 V j D L z L Q r W
1394: y q V 7 V j D L z L 4 Q r W
1395: y q V 7 V j D L z L Q 4 r W
1396: y V q 7 V j D L z L l r W
1397: y V q 7 V j D L z L 4 l r W
1398: y V q 7 V j D L z L l 4 r W
1399: y V q 7 V j D L z L V r W
1400: y V q 7 V j D L z L 4 V r W
1401: y V q 7 V j D L z L V 4 r W
1402: y V q 7 V j D L z L Q r W
1403: y V q 7 V j D L z L 4 Q r W
1404: y V q 7 V j D L z L Q 4 r W
1405: y V 7 q V j D L z L l r W
1406: y V 7 q V j D L z L 4 l r W
1407: y V 7 q V j D L z L l 4 r W
1408: y V 7 q V j D L z L V r W
1409: y V 7 q V j D L z L 4 V r W
1410: y V 7 q V j D L z L V 4 r W
1411: y V 7 q V j D L z L Q r W
1412: y V 7 q V j D L z L 4 Q r W
1413: y V 7 q V j D L z L Q 4 r W
1414: y V 7 V q j D L z L l r W
1415: y V 7 V q j D L z L 4 l r W
1416: y V 7 V q j D L z L l 4 r W
1417: y V 7 V q j D L z L V r W
1418: y V 7 V q j D L z L 4 V r W
1419: y V 7 V q j D L z L V 4 r W
1420: y V 7 V q j D L z L Q r W
1421: y V 7 V q j D L z L 4 Q r W
1422: y V 7 V q j D L z L Q 4 r W
1423: y U V 7 V j D L z L l r W
1424: y U V 7 V j D L z L 4 l r W
1425: y U V 7 V j D L z L l 4 r W
1426: y U V 7 V j D L z L V r W
1427: y U V 7 V j D L z L 4 V r W
1428: y U V 7 V j D L z L V 4 r W
1429: y U V 7 V j D L z L Q r W
1430: y U V 7 V j D L z L 4 Q r W
1431: y U V 7 V j D L z L Q 4 r W
1432: y V U 7 V j D L z L l r W
1433: y V U 7 V j D L z L 4 l r W
1434: y V U 7 V j D L z L l 4 r W
1435: y V U 7 V j D L z L V r W
1436: y V U 7 V j D L z L 4 V r W
1437: y V U 7 V j D L z L V 4 r W
1438: y V U 7 V j D L z L Q r W
1439: y V U 7 V j D L z L 4 Q r W
1440: y V U 7 V j D L z L Q 4 r W
1441: y V 7 U V j D L z L l r W
1442: y V 7 U V j D L z L 4 l r W
1443: y V 7 U V j D L z L l 4 r W
1444: y V 7 U V j D L z L V r W
1445: y V 7 U V j D L z L 4 V r W
1446: y V 7 U V j D L z L V 4 r W
1447: y V 7 U V j D L z L Q r W
1448: y V 7 U V j D L z L 4 Q r W
1449: y V 7 U V j D L z L Q 4 r W
1450: y V 7 V U j D L z L l r W
1451: y V 7 V U j D L z L 4 l r W
1452: y V 7 V U j D L z L l 4 r W
1453: y V 7 V U j D L z L V r W
1454: y V 7 V U j D L z L 4 V r W
1455: y V 7 V U j D L z L V 4 r W
1456: y V 7 V U j D L z L Q r W
1457: y V 7 V U j D L z L 4 Q r W
1458: y V 7 V U j D L z L Q 4 r W
1459: y Z V j D 1 W
1460: y V Z j D 1 W
1461: y q V j D 1 W
1462: y V q j D 1 W
1463: y U V j D 1 W
1464: y V U j D 1 W
1465: y Z V 7 V j D 1 W
1466: y V Z 7 V j D 1 W
1467: y V 7 Z V j D 1 W
1468: y V 7 V Z j D 1 W
1469: y q V 7 V j D 1 W
1470: y V q 7 V j D 1 W
1471: y V 7 q V j D 1 W
1472: y V 7 V q j D 1 W
1473: y U V 7 V j D 1 W
1474: y V U 7 V j D 1 W
1475: y V 7 U V j D 1 W
1476: y V 7 V U j D 1 W
1477: y Z V j D 7 W
1478: y V Z j D 7 W
1479: y q V j D 7 W
1480: y V q j D 7 W
1481: y U V j D 7 W
1482: y V U j D 7 W
1483: y Z V 7 V j D 7 W
1484: y V Z 7 V j D 7 W
1485: y V 7 Z V j D 7 W
1486: y V 7 V Z j D 7 W
1487: y q V 7 V j D 7 W
1488: y V q 7 V j D 7 W
1489: y V 7 q V j D 7 W
1490: y V 7 V q j D 7 W
1491: y U V 7 V j D 7 W
1492: y V U 7 V j D 7 W
1493: y V 7 U V j D 7 W
1494: y V 7 V U j D 7 W
1495: y Z V j D o 9 W
1496: y V Z j D o 9 W
1497: y q V j D o 9 W
1498: y V q j D o 9 W
1499: y U V j D o 9 W
1500: y V U j D o 9 W
1501: y Z V 7 V j D o 9 W
1502: y V Z 7 V j D o 9 W
1503: y V 7 Z V j D o 9 W
1504: y V 7 V Z j D o 9 W
1505: y q V 7 V j D o 9 W
1506: y V q 7 V j D o 9 W
1507: y V 7 q V j D o 9 W
1508: y V 7 V q j D o 9 W
1509: y U V 7 V j D o 9 W
1510: y V U 7 V j D o 9 W
1511: y V 7 U V j D o 9 W
1512: y V 7 V U j D o 9 W
